<?xml version="1.0" encoding="UTF-8"?>
<testsuite name="I as a user I need to see the correct renovation of my plan" tests="1" skipped="0" failures="0" errors="0" timestamp="2022-12-06T03:48:25" hostname="SEBAS" time="2.484">
  <properties/>
  <testcase name="notified to the user" classname="I as a user I need to see the correct renovation of my plan" time="2.484"/>
  <system-out><![CDATA[SM70529224b07b8d62c71ea9156f6ef77f
]]></system-out>
  <system-err><![CDATA[[Test worker] INFO io.cucumber.core.plugin.SerenityReporter - Running feature from file:///C:/Users/zapat/Desktop/Practicas%20Automatizacion/FlashMobile_Automation/FlashAutomation/src/test/resources/features/plan_renovation.feature
[Test worker] INFO  - 
  _____   ___   ___   _____     ___   _____     _     ___   _____   ___   ___  
 |_   _| | __| / __| |_   _|   / __| |_   _|   /_\   | _ \ |_   _| | __| |   \ 
   | |   | _|  \__ \   | |     \__ \   | |    / _ \  |   /   | |   | _|  | |) |
   |_|   |___| |___/   |_|     |___/   |_|   /_/ \_\ |_|_\   |_|   |___| |___/ 

notified to the user(i-as-a-user-i-need-to-see-the-correct-renovation-of-my-plan;notified-to-the-user)
--------------------------------------------------------------------------------
[Test worker] INFO  - 
  _____   ___   ___   _____     ___     _     ___   ___   ___   ___  
 |_   _| | __| / __| |_   _|   | _ \   /_\   / __| / __| | __| |   \ 
   | |   | _|  \__ \   | |     |  _/  / _ \  \__ \ \__ \ | _|  | |) |
   |_|   |___| |___/   |_|     |_|   /_/ \_\ |___/ |___/ |___| |___/ 

notified to the user
----------------------------------------------------------------------
]]></system-err>
</testsuite>
