<?xml version="1.0" encoding="UTF-8"?>
<testsuite name="I as a user I need to see the correct renovation of my plan" tests="1" skipped="0" failures="0" errors="0" timestamp="2022-12-05T04:46:43" hostname="SEBAS" time="46.095">
  <properties/>
  <testcase name="Log in the flash mobile web" classname="I as a user I need to see the correct renovation of my plan" time="46.095"/>
  <system-out><![CDATA[Clase: SetDataToLogIn
user: Ip+QIsDswwfYAml3cNQwiQ==
Password: Pvwx6o3Z+3wlV5l11d+Y0w==
EntrÃ³ al THEN
EntrÃ³ a ValidatePlan
Plan-name: Power Flash
]]></system-out>
  <system-err><![CDATA[[Test worker] INFO io.cucumber.core.plugin.SerenityReporter - Running feature from file:///C:/Users/zapat/Desktop/Practicas%20Automatizacion/FlashMobile_Automation/FlashAutomation/src/test/resources/features/plan_renovation.feature
[Test worker] INFO  - 
  _____   ___   ___   _____     ___   _____     _     ___   _____   ___   ___  
 |_   _| | __| / __| |_   _|   / __| |_   _|   /_\   | _ \ |_   _| | __| |   \ 
   | |   | _|  \__ \   | |     \__ \   | |    / _ \  |   /   | |   | _|  | |) |
   |_|   |___| |___/   |_|     |___/   |_|   /_/ \_\ |_|_\   |_|   |___| |___/ 

Log in the flash mobile web(i-as-a-user-i-need-to-see-the-correct-renovation-of-my-plan;log-in-the-flash-mobile-web)
--------------------------------------------------------------------------------
[Test worker] INFO net.serenitybdd.core.webdriver.driverproviders.ChromeDriverProvider - Starting Chrome driver instance with capabilities:
[Test worker] INFO net.serenitybdd.core.webdriver.driverproviders.ChromeDriverProvider - Capabilities {acceptInsecureCerts: false, browserName: chrome, goog:chromeOptions: {args: [--start-maximized, --incognito], extensions: []}}
Starting ChromeDriver 108.0.5359.71 (1e0e3868ee06e91ad636a874420e3ca3ae3756ac-refs/branch-heads/5359@{#1016}) on port 48217
Only local connections are allowed.
Please see https://chromedriver.chromium.org/security-considerations for suggestions on keeping ChromeDriver safe.
ChromeDriver was started successfully.
dic. 04, 2022 11:46:49 P. M. org.openqa.selenium.devtools.CdpVersionFinder findNearestMatch
ADVERTENCIA: Unable to find an exact match for CDP version 108, so returning the closest version found: 107
[Test worker] INFO  - 
  _____   ___   ___   _____     ___     _     ___   ___   ___   ___  
 |_   _| | __| / __| |_   _|   | _ \   /_\   / __| / __| | __| |   \ 
   | |   | _|  \__ \   | |     |  _/  / _ \  \__ \ \__ \ | _|  | |) |
   |_|   |___| |___/   |_|     |_|   /_/ \_\ |___/ |___/ |___| |___/ 

Log in the flash mobile web
----------------------------------------------------------------------
]]></system-err>
</testsuite>
